2020-10-08T19:32:01.133Z: INFO	[jobs:manager]	Starting job manager in 36132
2020-10-08T19:32:01.184Z: INFO	[jobs:scanner]	Checking plugins ["mobile","web","desktop","plugins","density","locale","browser","sources","views","enterpriseinfo","logger","systemlogs","errorlogs","populator","reports","crashes","push","star-rating","slipping-away-users","compare","server-stats","dbviewer","assistant","plugin-upload","times-of-day","compliance-hub","video-intelligence-monetization","alerts","onboarding","EChartMap"]
Starting master
2020-10-08T19:32:03.480Z: INFO	[jobs:ipc:36132]	Attached to cluster in Central 36132
2020-10-08T19:32:03.749Z: INFO	[jobs:manager]	Found 17 job types, starting monitoring: ["api:clear","api:clearAutoTasks","api:clearTokens","api:ipcTest","api:ping","api:task","api:test","api:topEvents","api:userMerge","reports:send","push:clear","push:process","push:schedule","push:validate","server-stats:stats","assistant:generate","alerts:monitor"]
2020-10-08T19:32:03.864Z: INFO	[jobs:ipc:36132]	Worker started: 36173
2020-10-08T19:32:03.931Z: INFO	[jobs:manager]	Cancelling 0 jobs
2020-10-08T19:32:03.953Z: INFO	[jobs:ipc:36132]	Worker started: 36171
2020-10-08T19:32:04.495Z: INFO	[jobs:handle]	Starting job handle in 36173
2020-10-08T19:32:04.534Z: INFO	[jobs:scanner]	Checking plugins ["mobile","web","desktop","plugins","density","locale","browser","sources","views","enterpriseinfo","logger","systemlogs","errorlogs","populator","reports","crashes","push","star-rating","slipping-away-users","compare","server-stats","dbviewer","assistant","plugin-upload","times-of-day","compliance-hub","video-intelligence-monetization","alerts","onboarding","EChartMap"]
2020-10-08T19:32:04.551Z: INFO	[jobs:handle]	Starting job handle in 36171
2020-10-08T19:32:04.592Z: INFO	[jobs:scanner]	Checking plugins ["mobile","web","desktop","plugins","density","locale","browser","sources","views","enterpriseinfo","logger","systemlogs","errorlogs","populator","reports","crashes","push","star-rating","slipping-away-users","compare","server-stats","dbviewer","assistant","plugin-upload","times-of-day","compliance-hub","video-intelligence-monetization","alerts","onboarding","EChartMap"]
2020-10-08T19:32:06.570Z: INFO	[jobs:job]	Replacing jobs assistant:generate ({"status":0,"name":"assistant:generate"})
2020-10-08T19:32:06.591Z: INFO	[jobs:job]	No job to replace, inserting {"name":"assistant:generate","created":1602185526556,"status":0,"started":null,"finished":null,"duration":0,"data":{},"schedule":"every 30 minutes starting on the 0 min","next":1602187200000}
Starting worker 36171 parent: 36132
Starting worker 36173 parent: 36132
2020-10-08T19:32:13.555Z: INFO	[jobs:job]	Replacing jobs reports:send ({"status":0,"name":"reports:send"})
2020-10-08T19:32:13.558Z: INFO	[jobs:job]	Replacing jobs server-stats:stats ({"status":0,"name":"server-stats:stats"})
2020-10-08T19:32:13.562Z: INFO	[jobs:job]	Replacing jobs api:topEvents ({"status":0,"name":"api:topEvents"})
2020-10-08T19:32:13.563Z: INFO	[jobs:job]	Replacing jobs api:ping ({"status":0,"name":"api:ping"})
2020-10-08T19:32:13.564Z: INFO	[jobs:job]	Replacing jobs api:clear ({"status":0,"name":"api:clear"})
2020-10-08T19:32:13.565Z: INFO	[jobs:job]	Replacing jobs api:clearTokens ({"status":0,"name":"api:clearTokens"})
2020-10-08T19:32:13.566Z: INFO	[jobs:job]	Replacing jobs api:clearAutoTasks ({"status":0,"name":"api:clearAutoTasks"})
2020-10-08T19:32:13.567Z: INFO	[jobs:job]	Replacing jobs api:task ({"status":0,"name":"api:task"})
2020-10-08T19:32:13.577Z: INFO	[jobs:job]	No job to replace, inserting {"name":"server-stats:stats","created":1602185533557,"status":0,"started":null,"finished":null,"duration":0,"data":{},"schedule":"every 1 day","next":1602185533558}
2020-10-08T19:32:13.578Z: INFO	[jobs:job]	No job to replace, inserting {"name":"reports:send","created":1602185533554,"status":0,"started":null,"finished":null,"duration":0,"data":{},"schedule":"every 1 hour starting on the 0 min","next":1602185533555}
2020-10-08T19:32:13.580Z: INFO	[jobs:job]	No job to replace, inserting {"name":"api:topEvents","created":1602185533561,"status":0,"started":null,"finished":null,"duration":0,"data":{},"schedule":"every 1 day","next":1602185533562}
2020-10-08T19:32:13.581Z: INFO	[jobs:job]	No job to replace, inserting {"name":"api:ping","created":1602185533563,"status":0,"started":null,"finished":null,"duration":0,"data":{},"schedule":"every 1 day","next":1602185533563}
2020-10-08T19:32:13.583Z: INFO	[jobs:job]	No job to replace, inserting {"name":"api:clear","created":1602185533564,"status":0,"started":null,"finished":null,"duration":0,"data":{},"schedule":"every 1 day","next":1602185533564}
2020-10-08T19:32:13.584Z: INFO	[jobs:job]	No job to replace, inserting {"name":"api:clearTokens","created":1602185533565,"status":0,"started":null,"finished":null,"duration":0,"data":{},"schedule":"every 1 day","next":1602185533565}
2020-10-08T19:32:13.586Z: INFO	[jobs:job]	No job to replace, inserting {"name":"api:clearAutoTasks","created":1602185533566,"status":0,"started":null,"finished":null,"duration":0,"data":{},"schedule":"every 1 day","next":1602185533566}
2020-10-08T19:32:13.587Z: INFO	[jobs:job]	No job to replace, inserting {"name":"api:task","created":1602185533567,"status":0,"started":null,"finished":null,"duration":0,"data":{},"schedule":"every 5 minutes","next":1602185700000}
2020-10-08T19:32:13.973Z: INFO	[jobs:manager]	Trying to start job {"_id":"5f7f693d7bcc108d24e574fd","name":"reports:send","created":1602185533554,"status":0,"started":null,"finished":null,"duration":0,"data":{},"schedule":"every 1 hour starting on the 0 min","next":1602185533555}
2020-10-08T19:32:13.978Z: INFO	[jobs:manager]	Trying to start job {"_id":"5f7f693d7bcc108d24e574fc","name":"server-stats:stats","created":1602185533557,"status":0,"started":null,"finished":null,"duration":0,"data":{},"schedule":"every 1 day","next":1602185533558}
2020-10-08T19:32:13.983Z: INFO	[jobs:manager]	Trying to start job {"_id":"5f7f693d7bcc108d24e574fe","name":"api:topEvents","created":1602185533561,"status":0,"started":null,"finished":null,"duration":0,"data":{},"schedule":"every 1 day","next":1602185533562}
2020-10-08T19:32:13.987Z: INFO	[jobs:manager]	Trying to start job {"_id":"5f7f693d7bcc108d24e574ff","name":"api:ping","created":1602185533563,"status":0,"started":null,"finished":null,"duration":0,"data":{},"schedule":"every 1 day","next":1602185533563}
2020-10-08T19:32:13.996Z: INFO	[jobs:manager]	Trying to start job {"_id":"5f7f693d7bcc108d24e57500","name":"api:clear","created":1602185533564,"status":0,"started":null,"finished":null,"duration":0,"data":{},"schedule":"every 1 day","next":1602185533564}
2020-10-08T19:32:14.007Z: INFO	[jobs:manager]	Trying to start job {"_id":"5f7f693d7bcc108d24e57501","name":"api:clearTokens","created":1602185533565,"status":0,"started":null,"finished":null,"duration":0,"data":{},"schedule":"every 1 day","next":1602185533565}
2020-10-08T19:32:14.016Z: INFO	[jobs:manager]	Trying to start job {"_id":"5f7f693d7bcc108d24e57502","name":"api:clearAutoTasks","created":1602185533566,"status":0,"started":null,"finished":null,"duration":0,"data":{},"schedule":"every 1 day","next":1602185533566}
2020-10-08T19:35:00.500Z: INFO	[jobs:manager]	Trying to start job {"_id":"5f7f693d7bcc108d24e57503","name":"api:task","created":1602185533567,"status":0,"started":null,"finished":null,"duration":0,"data":{},"schedule":"every 5 minutes","next":1602185700000}
2020-10-08T19:40:00.506Z: INFO	[jobs:manager]	Trying to start job {"_id":"5f7f693d7bcc108d24e57503","name":"api:task","created":1602185533567,"status":0,"started":1602185700502,"finished":1602185700509,"duration":9,"data":{},"schedule":"every 5 minutes","next":1602186000000,"modified":1602185700511,"error":null}
2020-10-08T19:45:00.300Z: INFO	[jobs:manager]	Trying to start job {"_id":"5f7f693d7bcc108d24e57503","name":"api:task","created":1602185533567,"status":0,"started":1602186000510,"finished":1602186000514,"duration":6,"data":{},"schedule":"every 5 minutes","next":1602186300000,"modified":1602186000516,"error":null}
2020-10-08T19:50:00.119Z: INFO	[jobs:manager]	Trying to start job {"_id":"5f7f693d7bcc108d24e57503","name":"api:task","created":1602185533567,"status":0,"started":1602186300302,"finished":1602186300313,"duration":12,"data":{},"schedule":"every 5 minutes","next":1602186600000,"modified":1602186300314,"error":null}
2020-10-08T19:55:00.926Z: INFO	[jobs:manager]	Trying to start job {"_id":"5f7f693d7bcc108d24e57503","name":"api:task","created":1602185533567,"status":0,"started":1602186600121,"finished":1602186600125,"duration":6,"data":{},"schedule":"every 5 minutes","next":1602186900000,"modified":1602186600127,"error":null}
2020-10-08T20:00:00.705Z: INFO	[jobs:manager]	Trying to start job {"_id":"5f7f69367bcc108d24e574fb","name":"assistant:generate","created":1602185526556,"status":0,"started":null,"finished":null,"duration":0,"data":{},"schedule":"every 30 minutes starting on the 0 min","next":1602187200000}
2020-10-08T20:00:00.707Z: INFO	[jobs:manager]	Trying to start job {"_id":"5f7f693d7bcc108d24e574fd","name":"reports:send","created":1602185533554,"status":0,"started":1602185533980,"finished":1602185534002,"duration":36,"data":{},"schedule":"every 1 hour starting on the 0 min","next":1602187200000,"modified":1602185534016,"error":null}
2020-10-08T20:00:00.709Z: INFO	[jobs:manager]	Trying to start job {"_id":"5f7f693d7bcc108d24e57503","name":"api:task","created":1602185533567,"status":0,"started":1602186900928,"finished":1602186900933,"duration":6,"data":{},"schedule":"every 5 minutes","next":1602187200000,"modified":1602186900934,"error":null}
Got signal: SIGTERM
Successfully stored batch state
Exiting due to master exited
Got signal: SIGTERM
Successfully stored batch state
Got signal: SIGTERM
Exiting due to master exited
Successfully stored batch state
2020-10-08T20:01:41.295Z: INFO	[jobs:manager]	Starting job manager in 38597
2020-10-08T20:01:41.334Z: INFO	[jobs:scanner]	Checking plugins ["mobile","web","desktop","plugins","density","locale","browser","sources","views","enterpriseinfo","logger","systemlogs","errorlogs","populator","reports","crashes","push","star-rating","slipping-away-users","compare","server-stats","dbviewer","assistant","plugin-upload","times-of-day","compliance-hub","video-intelligence-monetization","alerts","onboarding","EChartMap"]
Starting master
2020-10-08T20:01:44.255Z: INFO	[jobs:ipc:38597]	Attached to cluster in Central 38597
2020-10-08T20:01:44.600Z: INFO	[jobs:manager]	Found 17 job types, starting monitoring: ["api:clear","api:clearAutoTasks","api:clearTokens","api:ipcTest","api:ping","api:task","api:test","api:topEvents","api:userMerge","reports:send","push:clear","push:process","push:schedule","push:validate","server-stats:stats","assistant:generate","alerts:monitor"]
2020-10-08T20:01:44.735Z: INFO	[jobs:ipc:38597]	Worker started: 38624
2020-10-08T20:01:44.742Z: INFO	[jobs:ipc:38597]	Worker started: 38622
2020-10-08T20:01:44.822Z: INFO	[jobs:manager]	Cancelling 0 jobs
2020-10-08T20:01:45.322Z: INFO	[jobs:handle]	Starting job handle in 38624
2020-10-08T20:01:45.332Z: INFO	[jobs:handle]	Starting job handle in 38622
2020-10-08T20:01:45.364Z: INFO	[jobs:scanner]	Checking plugins ["mobile","web","desktop","plugins","density","locale","browser","sources","views","enterpriseinfo","logger","systemlogs","errorlogs","populator","reports","crashes","push","star-rating","slipping-away-users","compare","server-stats","dbviewer","assistant","plugin-upload","times-of-day","compliance-hub","video-intelligence-monetization","alerts","onboarding","EChartMap"]
2020-10-08T20:01:45.367Z: INFO	[jobs:scanner]	Checking plugins ["mobile","web","desktop","plugins","density","locale","browser","sources","views","enterpriseinfo","logger","systemlogs","errorlogs","populator","reports","crashes","push","star-rating","slipping-away-users","compare","server-stats","dbviewer","assistant","plugin-upload","times-of-day","compliance-hub","video-intelligence-monetization","alerts","onboarding","EChartMap"]
2020-10-08T20:01:47.373Z: INFO	[jobs:job]	Replacing jobs assistant:generate ({"status":0,"name":"assistant:generate"})
2020-10-08T20:01:47.390Z: INFO	[jobs:job]	Cancelled 1 previous jobs assistant:generate ({"status":0,"name":"assistant:generate"})
2020-10-08T20:01:47.395Z: INFO	[jobs:job]	No job to replace, inserting {"name":"assistant:generate","created":1602187307353,"status":0,"started":null,"finished":null,"duration":0,"data":{},"schedule":"every 30 minutes starting on the 0 min","next":1602189000000}
Starting worker 38622 parent: 38597
Starting worker 38624 parent: 38597
2020-10-08T20:01:54.352Z: INFO	[jobs:job]	Replacing jobs reports:send ({"status":0,"name":"reports:send"})
2020-10-08T20:01:54.356Z: INFO	[jobs:job]	Replacing jobs server-stats:stats ({"status":0,"name":"server-stats:stats"})
2020-10-08T20:01:54.358Z: INFO	[jobs:job]	Replacing jobs api:topEvents ({"status":0,"name":"api:topEvents"})
2020-10-08T20:01:54.362Z: INFO	[jobs:job]	Replacing jobs api:ping ({"status":0,"name":"api:ping"})
2020-10-08T20:01:54.363Z: INFO	[jobs:job]	Replacing jobs api:clear ({"status":0,"name":"api:clear"})
2020-10-08T20:01:54.365Z: INFO	[jobs:job]	Replacing jobs api:clearTokens ({"status":0,"name":"api:clearTokens"})
2020-10-08T20:01:54.367Z: INFO	[jobs:job]	Replacing jobs api:clearAutoTasks ({"status":0,"name":"api:clearAutoTasks"})
2020-10-08T20:01:54.373Z: INFO	[jobs:job]	Replacing jobs api:task ({"status":0,"name":"api:task"})
2020-10-08T20:01:54.374Z: INFO	[jobs:job]	Cancelled 1 previous jobs reports:send ({"status":0,"name":"reports:send"})
2020-10-08T20:01:54.379Z: INFO	[jobs:job]	Cancelled 1 previous jobs api:ping ({"status":0,"name":"api:ping"})
2020-10-08T20:01:54.380Z: INFO	[jobs:job]	Cancelled 1 previous jobs server-stats:stats ({"status":0,"name":"server-stats:stats"})
2020-10-08T20:01:54.382Z: INFO	[jobs:job]	Cancelled 1 previous jobs api:topEvents ({"status":0,"name":"api:topEvents"})
2020-10-08T20:01:54.388Z: INFO	[jobs:job]	Cancelled 1 previous jobs api:clear ({"status":0,"name":"api:clear"})
2020-10-08T20:01:54.391Z: INFO	[jobs:job]	Cancelled 1 previous jobs api:task ({"status":0,"name":"api:task"})
2020-10-08T20:01:54.393Z: INFO	[jobs:job]	Cancelled 1 previous jobs api:clearAutoTasks ({"status":0,"name":"api:clearAutoTasks"})
2020-10-08T20:01:54.395Z: INFO	[jobs:job]	Cancelled 1 previous jobs api:clearTokens ({"status":0,"name":"api:clearTokens"})
2020-10-08T20:01:54.403Z: INFO	[jobs:job]	No job to replace, inserting {"name":"reports:send","created":1602187314350,"status":0,"started":null,"finished":null,"duration":0,"data":{},"schedule":"every 1 hour starting on the 0 min","next":1602187314351}
2020-10-08T20:01:54.404Z: INFO	[jobs:job]	No job to replace, inserting {"name":"api:ping","created":1602187314362,"status":0,"started":null,"finished":null,"duration":0,"data":{},"schedule":"every 1 day","next":1602187314362}
2020-10-08T20:01:54.408Z: INFO	[jobs:job]	No job to replace, inserting {"name":"api:topEvents","created":1602187314357,"status":0,"started":null,"finished":null,"duration":0,"data":{},"schedule":"every 1 day","next":1602187314358}
2020-10-08T20:01:54.409Z: INFO	[jobs:job]	No job to replace, inserting {"name":"server-stats:stats","created":1602187314355,"status":0,"started":null,"finished":null,"duration":0,"data":{},"schedule":"every 1 day","next":1602187314355}
2020-10-08T20:01:54.413Z: INFO	[jobs:job]	No job to replace, inserting {"name":"api:task","created":1602187314372,"status":0,"started":null,"finished":null,"duration":0,"data":{},"schedule":"every 5 minutes","next":1602187500000}
2020-10-08T20:01:54.415Z: INFO	[jobs:job]	No job to replace, inserting {"name":"api:clearAutoTasks","created":1602187314366,"status":0,"started":null,"finished":null,"duration":0,"data":{},"schedule":"every 1 day","next":1602187314366}
2020-10-08T20:01:54.416Z: INFO	[jobs:job]	No job to replace, inserting {"name":"api:clear","created":1602187314363,"status":0,"started":null,"finished":null,"duration":0,"data":{},"schedule":"every 1 day","next":1602187314363}
2020-10-08T20:01:54.420Z: INFO	[jobs:job]	No job to replace, inserting {"name":"api:clearTokens","created":1602187314365,"status":0,"started":null,"finished":null,"duration":0,"data":{},"schedule":"every 1 day","next":1602187314365}
2020-10-08T20:01:54.874Z: INFO	[jobs:manager]	Trying to start job {"_id":"5f7f70328a64cb96c511d746","name":"reports:send","created":1602187314350,"status":0,"started":null,"finished":null,"duration":0,"data":{},"schedule":"every 1 hour starting on the 0 min","next":1602187314351}
2020-10-08T20:01:54.885Z: INFO	[jobs:manager]	Trying to start job {"_id":"5f7f70328a64cb96c511d749","name":"server-stats:stats","created":1602187314355,"status":0,"started":null,"finished":null,"duration":0,"data":{},"schedule":"every 1 day","next":1602187314355}
2020-10-08T20:01:54.898Z: INFO	[jobs:manager]	Trying to start job {"_id":"5f7f70328a64cb96c511d748","name":"api:topEvents","created":1602187314357,"status":0,"started":null,"finished":null,"duration":0,"data":{},"schedule":"every 1 day","next":1602187314358}
2020-10-08T20:01:54.913Z: INFO	[jobs:manager]	Trying to start job {"_id":"5f7f70328a64cb96c511d747","name":"api:ping","created":1602187314362,"status":0,"started":null,"finished":null,"duration":0,"data":{},"schedule":"every 1 day","next":1602187314362}
2020-10-08T20:01:54.929Z: INFO	[jobs:manager]	Trying to start job {"_id":"5f7f70328a64cb96c511d74c","name":"api:clear","created":1602187314363,"status":0,"started":null,"finished":null,"duration":0,"data":{},"schedule":"every 1 day","next":1602187314363}
2020-10-08T20:01:54.959Z: INFO	[jobs:manager]	Trying to start job {"_id":"5f7f70328a64cb96c511d74d","name":"api:clearTokens","created":1602187314365,"status":0,"started":null,"finished":null,"duration":0,"data":{},"schedule":"every 1 day","next":1602187314365}
2020-10-08T20:01:54.979Z: INFO	[jobs:manager]	Trying to start job {"_id":"5f7f70328a64cb96c511d74b","name":"api:clearAutoTasks","created":1602187314366,"status":0,"started":null,"finished":null,"duration":0,"data":{},"schedule":"every 1 day","next":1602187314366}
2020-10-08T20:05:00.603Z: INFO	[jobs:manager]	Trying to start job {"_id":"5f7f70328a64cb96c511d74a","name":"api:task","created":1602187314372,"status":0,"started":null,"finished":null,"duration":0,"data":{},"schedule":"every 5 minutes","next":1602187500000}
2020-10-08T20:10:00.505Z: INFO	[jobs:manager]	Trying to start job {"_id":"5f7f70328a64cb96c511d74a","name":"api:task","created":1602187314372,"status":0,"started":1602187500606,"finished":1602187500618,"duration":14,"data":{},"schedule":"every 5 minutes","next":1602187800000,"modified":1602187500620,"error":null}
Got signal: SIGTERM
Successfully stored batch state
Exiting due to master exited
Got signal: SIGTERM
Got signal: SIGTERM
Successfully stored batch state
Successfully stored batch state
Exiting due to master exited
2020-10-08T20:13:55.525Z: INFO	[jobs:manager]	Starting job manager in 39126
2020-10-08T20:13:55.569Z: INFO	[jobs:scanner]	Checking plugins ["mobile","web","desktop","plugins","density","locale","browser","sources","views","enterpriseinfo","logger","systemlogs","errorlogs","populator","reports","crashes","push","star-rating","slipping-away-users","compare","server-stats","dbviewer","assistant","plugin-upload","times-of-day","compliance-hub","video-intelligence-monetization","alerts","onboarding","EChartMap"]
Starting master
2020-10-08T20:13:57.841Z: INFO	[jobs:ipc:39126]	Attached to cluster in Central 39126
2020-10-08T20:13:58.078Z: INFO	[jobs:manager]	Found 17 job types, starting monitoring: ["api:clear","api:clearAutoTasks","api:clearTokens","api:ipcTest","api:ping","api:task","api:test","api:topEvents","api:userMerge","reports:send","push:clear","push:process","push:schedule","push:validate","server-stats:stats","assistant:generate","alerts:monitor"]
2020-10-08T20:13:58.164Z: INFO	[jobs:ipc:39126]	Worker started: 39151
2020-10-08T20:13:58.323Z: INFO	[jobs:ipc:39126]	Worker started: 39157
2020-10-08T20:13:58.404Z: INFO	[jobs:manager]	Cancelling 0 jobs
2020-10-08T20:13:58.719Z: INFO	[jobs:handle]	Starting job handle in 39151
2020-10-08T20:13:58.766Z: INFO	[jobs:scanner]	Checking plugins ["mobile","web","desktop","plugins","density","locale","browser","sources","views","enterpriseinfo","logger","systemlogs","errorlogs","populator","reports","crashes","push","star-rating","slipping-away-users","compare","server-stats","dbviewer","assistant","plugin-upload","times-of-day","compliance-hub","video-intelligence-monetization","alerts","onboarding","EChartMap"]
2020-10-08T20:13:59.059Z: INFO	[jobs:handle]	Starting job handle in 39157
2020-10-08T20:13:59.098Z: INFO	[jobs:scanner]	Checking plugins ["mobile","web","desktop","plugins","density","locale","browser","sources","views","enterpriseinfo","logger","systemlogs","errorlogs","populator","reports","crashes","push","star-rating","slipping-away-users","compare","server-stats","dbviewer","assistant","plugin-upload","times-of-day","compliance-hub","video-intelligence-monetization","alerts","onboarding","EChartMap"]
2020-10-08T20:14:00.938Z: INFO	[jobs:job]	Replacing jobs assistant:generate ({"status":0,"name":"assistant:generate"})
2020-10-08T20:14:00.959Z: INFO	[jobs:job]	Cancelled 1 previous jobs assistant:generate ({"status":0,"name":"assistant:generate"})
2020-10-08T20:14:00.967Z: INFO	[jobs:job]	No job to replace, inserting {"name":"assistant:generate","created":1602188040913,"status":0,"started":null,"finished":null,"duration":0,"data":{},"schedule":"every 30 minutes starting on the 0 min","next":1602189000000}
Starting worker 39151 parent: 39126
Starting worker 39157 parent: 39126
2020-10-08T20:14:07.911Z: INFO	[jobs:job]	Replacing jobs reports:send ({"status":0,"name":"reports:send"})
2020-10-08T20:14:07.915Z: INFO	[jobs:job]	Replacing jobs server-stats:stats ({"status":0,"name":"server-stats:stats"})
2020-10-08T20:14:07.917Z: INFO	[jobs:job]	Replacing jobs api:topEvents ({"status":0,"name":"api:topEvents"})
2020-10-08T20:14:07.922Z: INFO	[jobs:job]	Replacing jobs api:ping ({"status":0,"name":"api:ping"})
2020-10-08T20:14:07.924Z: INFO	[jobs:job]	Replacing jobs api:clear ({"status":0,"name":"api:clear"})
2020-10-08T20:14:07.927Z: INFO	[jobs:job]	Replacing jobs api:clearTokens ({"status":0,"name":"api:clearTokens"})
2020-10-08T20:14:07.928Z: INFO	[jobs:job]	Replacing jobs api:clearAutoTasks ({"status":0,"name":"api:clearAutoTasks"})
2020-10-08T20:14:07.932Z: INFO	[jobs:job]	Replacing jobs api:task ({"status":0,"name":"api:task"})
2020-10-08T20:14:07.934Z: INFO	[jobs:job]	Cancelled 1 previous jobs reports:send ({"status":0,"name":"reports:send"})
2020-10-08T20:14:07.941Z: INFO	[jobs:job]	Cancelled 1 previous jobs server-stats:stats ({"status":0,"name":"server-stats:stats"})
2020-10-08T20:14:07.942Z: INFO	[jobs:job]	Cancelled 1 previous jobs api:topEvents ({"status":0,"name":"api:topEvents"})
2020-10-08T20:14:07.947Z: INFO	[jobs:job]	Cancelled 1 previous jobs api:clear ({"status":0,"name":"api:clear"})
2020-10-08T20:14:07.952Z: INFO	[jobs:job]	Cancelled 1 previous jobs api:ping ({"status":0,"name":"api:ping"})
2020-10-08T20:14:07.954Z: INFO	[jobs:job]	Cancelled 1 previous jobs api:clearAutoTasks ({"status":0,"name":"api:clearAutoTasks"})
2020-10-08T20:14:07.955Z: INFO	[jobs:job]	Cancelled 1 previous jobs api:clearTokens ({"status":0,"name":"api:clearTokens"})
2020-10-08T20:14:07.957Z: INFO	[jobs:job]	No job to replace, inserting {"name":"reports:send","created":1602188047909,"status":0,"started":null,"finished":null,"duration":0,"data":{},"schedule":"every 1 hour starting on the 0 min","next":1602188047910}
2020-10-08T20:14:07.958Z: INFO	[jobs:job]	Cancelled 1 previous jobs api:task ({"status":0,"name":"api:task"})
2020-10-08T20:14:07.963Z: INFO	[jobs:job]	No job to replace, inserting {"name":"api:topEvents","created":1602188047916,"status":0,"started":null,"finished":null,"duration":0,"data":{},"schedule":"every 1 day","next":1602188047917}
2020-10-08T20:14:07.965Z: INFO	[jobs:job]	No job to replace, inserting {"name":"server-stats:stats","created":1602188047914,"status":0,"started":null,"finished":null,"duration":0,"data":{},"schedule":"every 1 day","next":1602188047914}
2020-10-08T20:14:07.967Z: INFO	[jobs:job]	No job to replace, inserting {"name":"api:ping","created":1602188047922,"status":0,"started":null,"finished":null,"duration":0,"data":{},"schedule":"every 1 day","next":1602188047922}
2020-10-08T20:14:07.968Z: INFO	[jobs:job]	No job to replace, inserting {"name":"api:clear","created":1602188047923,"status":0,"started":null,"finished":null,"duration":0,"data":{},"schedule":"every 1 day","next":1602188047923}
2020-10-08T20:14:07.972Z: INFO	[jobs:job]	No job to replace, inserting {"name":"api:clearTokens","created":1602188047926,"status":0,"started":null,"finished":null,"duration":0,"data":{},"schedule":"every 1 day","next":1602188047927}
2020-10-08T20:14:07.973Z: INFO	[jobs:job]	No job to replace, inserting {"name":"api:clearAutoTasks","created":1602188047928,"status":0,"started":null,"finished":null,"duration":0,"data":{},"schedule":"every 1 day","next":1602188047928}
2020-10-08T20:14:07.976Z: INFO	[jobs:job]	No job to replace, inserting {"name":"api:task","created":1602188047932,"status":0,"started":null,"finished":null,"duration":0,"data":{},"schedule":"every 5 minutes","next":1602188100000}
2020-10-08T20:14:08.440Z: INFO	[jobs:manager]	Trying to start job {"_id":"5f7f730f8b53f598d6b410c6","name":"reports:send","created":1602188047909,"status":0,"started":null,"finished":null,"duration":0,"data":{},"schedule":"every 1 hour starting on the 0 min","next":1602188047910}
2020-10-08T20:14:08.461Z: INFO	[jobs:manager]	Trying to start job {"_id":"5f7f730f8b53f598d6b410c8","name":"server-stats:stats","created":1602188047914,"status":0,"started":null,"finished":null,"duration":0,"data":{},"schedule":"every 1 day","next":1602188047914}
2020-10-08T20:14:08.470Z: INFO	[jobs:manager]	Trying to start job {"_id":"5f7f730f8b53f598d6b410c7","name":"api:topEvents","created":1602188047916,"status":0,"started":null,"finished":null,"duration":0,"data":{},"schedule":"every 1 day","next":1602188047917}
2020-10-08T20:14:08.488Z: INFO	[jobs:manager]	Trying to start job {"_id":"5f7f730f8b53f598d6b410c9","name":"api:ping","created":1602188047922,"status":0,"started":null,"finished":null,"duration":0,"data":{},"schedule":"every 1 day","next":1602188047922}
2020-10-08T20:14:08.508Z: INFO	[jobs:manager]	Trying to start job {"_id":"5f7f730f8b53f598d6b410ca","name":"api:clear","created":1602188047923,"status":0,"started":null,"finished":null,"duration":0,"data":{},"schedule":"every 1 day","next":1602188047923}
2020-10-08T20:14:08.555Z: INFO	[jobs:manager]	Trying to start job {"_id":"5f7f730f8b53f598d6b410cb","name":"api:clearTokens","created":1602188047926,"status":0,"started":null,"finished":null,"duration":0,"data":{},"schedule":"every 1 day","next":1602188047927}
2020-10-08T20:14:08.601Z: INFO	[jobs:manager]	Trying to start job {"_id":"5f7f730f8b53f598d6b410cc","name":"api:clearAutoTasks","created":1602188047928,"status":0,"started":null,"finished":null,"duration":0,"data":{},"schedule":"every 1 day","next":1602188047928}
2020-10-08T20:15:00.789Z: INFO	[jobs:manager]	Trying to start job {"_id":"5f7f730f8b53f598d6b410cd","name":"api:task","created":1602188047932,"status":0,"started":null,"finished":null,"duration":0,"data":{},"schedule":"every 5 minutes","next":1602188100000}
2020-10-08T20:20:00.752Z: INFO	[jobs:manager]	Trying to start job {"_id":"5f7f730f8b53f598d6b410cd","name":"api:task","created":1602188047932,"status":0,"started":1602188100792,"finished":1602188100800,"duration":11,"data":{},"schedule":"every 5 minutes","next":1602188400000,"modified":1602188100803,"error":null}
2020-10-08T20:25:00.687Z: INFO	[jobs:manager]	Trying to start job {"_id":"5f7f730f8b53f598d6b410cd","name":"api:task","created":1602188047932,"status":0,"started":1602188400756,"finished":1602188400760,"duration":6,"data":{},"schedule":"every 5 minutes","next":1602188700000,"modified":1602188400762,"error":null}
Got signal: SIGTERM
Successfully stored batch state
Got signal: SIGTERM
Successfully stored batch state
Exiting due to master exited
Got signal: SIGTERM
Successfully stored batch state
Exiting due to master exited
2020-10-09T19:49:39.712Z: INFO	[jobs:manager]	Starting job manager in 1011
2020-10-09T19:49:39.873Z: INFO	[jobs:scanner]	Checking plugins ["mobile","web","desktop","plugins","density","locale","browser","sources","views","enterpriseinfo","logger","systemlogs","errorlogs","populator","reports","crashes","push","star-rating","slipping-away-users","compare","server-stats","dbviewer","assistant","plugin-upload","times-of-day","compliance-hub","video-intelligence-monetization","alerts","onboarding","EChartMap"]
Starting master
2020-10-09T19:49:51.165Z: INFO	[jobs:ipc:1011]	Attached to cluster in Central 1011
2020-10-09T19:49:52.730Z: INFO	[jobs:manager]	Found 17 job types, starting monitoring: ["api:clear","api:clearAutoTasks","api:clearTokens","api:ipcTest","api:ping","api:task","api:test","api:topEvents","api:userMerge","reports:send","push:clear","push:process","push:schedule","push:validate","server-stats:stats","assistant:generate","alerts:monitor"]
2020-10-09T19:49:53.152Z: INFO	[jobs:ipc:1011]	Worker started: 2318
2020-10-09T19:49:53.739Z: INFO	[jobs:ipc:1011]	Worker started: 2320
2020-10-09T19:49:54.415Z: INFO	[jobs:manager]	Cancelling 0 jobs
2020-10-09T19:49:54.674Z: INFO	[jobs:job]	Replacing jobs assistant:generate ({"status":0,"name":"assistant:generate"})
2020-10-09T19:49:54.872Z: INFO	[jobs:job]	Cancelled 1 previous jobs assistant:generate ({"status":0,"name":"assistant:generate"})
2020-10-09T19:49:54.925Z: INFO	[jobs:job]	No job to replace, inserting {"name":"assistant:generate","created":1602272994611,"status":0,"started":null,"finished":null,"duration":0,"data":{},"schedule":"every 30 minutes starting on the 0 min","next":1602273600000}
2020-10-09T19:49:56.862Z: INFO	[jobs:handle]	Starting job handle in 2318
2020-10-09T19:49:56.964Z: INFO	[jobs:handle]	Starting job handle in 2320
2020-10-09T19:49:57.042Z: INFO	[jobs:scanner]	Checking plugins ["mobile","web","desktop","plugins","density","locale","browser","sources","views","enterpriseinfo","logger","systemlogs","errorlogs","populator","reports","crashes","push","star-rating","slipping-away-users","compare","server-stats","dbviewer","assistant","plugin-upload","times-of-day","compliance-hub","video-intelligence-monetization","alerts","onboarding","EChartMap"]
2020-10-09T19:49:57.098Z: INFO	[jobs:scanner]	Checking plugins ["mobile","web","desktop","plugins","density","locale","browser","sources","views","enterpriseinfo","logger","systemlogs","errorlogs","populator","reports","crashes","push","star-rating","slipping-away-users","compare","server-stats","dbviewer","assistant","plugin-upload","times-of-day","compliance-hub","video-intelligence-monetization","alerts","onboarding","EChartMap"]
2020-10-09T19:49:59.712Z: INFO	[jobs:manager]	Trying to start job {"_id":"5f7f730f8b53f598d6b410cd","name":"api:task","created":1602188047932,"status":0,"started":1602188700693,"finished":1602188700698,"duration":7,"data":{},"schedule":"every 5 minutes","next":1602189000000,"modified":1602188700700,"error":null}
2020-10-09T19:49:59.771Z: INFO	[jobs:manager]	Trying to start job {"_id":"5f7f730f8b53f598d6b410c6","name":"reports:send","created":1602188047909,"status":0,"started":1602188048464,"finished":1602188048506,"duration":74,"data":{},"schedule":"every 1 hour starting on the 0 min","next":1602190800000,"modified":1602188048538,"error":null}
2020-10-09T19:49:59.802Z: INFO	[jobs:manager]	Trying to start job {"_id":"5f7f730f8b53f598d6b410c7","name":"api:topEvents","created":1602188047916,"status":0,"started":1602188048489,"finished":1602188048505,"duration":45,"data":{},"schedule":"every 1 day","next":1602201600000,"modified":1602188048534,"error":null}
2020-10-09T19:49:59.827Z: INFO	[jobs:manager]	Trying to start job {"_id":"5f7f730f8b53f598d6b410c8","name":"server-stats:stats","created":1602188047914,"status":0,"started":1602188048470,"finished":1602188048991,"duration":525,"data":{},"schedule":"every 1 day","next":1602201600000,"modified":1602188048995,"error":null}
2020-10-09T19:49:59.864Z: INFO	[jobs:manager]	Trying to start job {"_id":"5f7f730f8b53f598d6b410c9","name":"api:ping","created":1602188047922,"status":0,"started":1602188048509,"finished":1602188049792,"duration":1286,"data":{},"schedule":"every 1 day","next":1602201600000,"modified":1602188049795,"error":null}
2020-10-09T19:49:59.917Z: INFO	[jobs:manager]	Trying to start job {"_id":"5f7f730f8b53f598d6b410ca","name":"api:clear","created":1602188047923,"status":0,"started":1602188048560,"finished":1602188048636,"duration":84,"data":{},"schedule":"every 1 day","next":1602201600000,"modified":1602188048644,"error":null}
2020-10-09T19:49:59.995Z: INFO	[jobs:manager]	Trying to start job {"_id":"5f7f730f8b53f598d6b410cb","name":"api:clearTokens","created":1602188047926,"status":0,"started":1602188048602,"finished":1602188048642,"duration":58,"data":{},"schedule":"every 1 day","next":1602201600000,"modified":1602188048660,"error":null}
2020-10-09T19:50:00.076Z: INFO	[jobs:manager]	Trying to start job {"_id":"5f7f730f8b53f598d6b410cc","name":"api:clearAutoTasks","created":1602188047928,"status":0,"started":1602188048616,"finished":1602188048652,"duration":47,"data":{},"schedule":"every 1 day","next":1602201600000,"modified":1602188048663,"error":null}
2020-10-09T19:50:01.342Z: INFO	[jobs:job]	Replacing jobs reports:send ({"status":0,"name":"reports:send"})
2020-10-09T19:50:01.345Z: INFO	[jobs:job]	Replacing jobs server-stats:stats ({"status":0,"name":"server-stats:stats"})
2020-10-09T19:50:01.346Z: INFO	[jobs:job]	Cancelled 1 previous jobs reports:send ({"status":0,"name":"reports:send"})
2020-10-09T19:50:01.350Z: INFO	[jobs:job]	Cancelled 1 previous jobs server-stats:stats ({"status":0,"name":"server-stats:stats"})
2020-10-09T19:50:01.353Z: INFO	[jobs:job]	No job to replace, inserting {"name":"reports:send","created":1602273001342,"status":0,"started":null,"finished":null,"duration":0,"data":{},"schedule":"every 1 hour starting on the 0 min","next":1602273001342}
2020-10-09T19:50:01.372Z: INFO	[jobs:job]	Replacing jobs api:topEvents ({"status":0,"name":"api:topEvents"})
2020-10-09T19:50:01.375Z: INFO	[jobs:job]	Replacing jobs api:ping ({"status":0,"name":"api:ping"})
2020-10-09T19:50:01.377Z: INFO	[jobs:job]	Replacing jobs api:clear ({"status":0,"name":"api:clear"})
2020-10-09T19:50:01.379Z: INFO	[jobs:job]	Replacing jobs api:clearTokens ({"status":0,"name":"api:clearTokens"})
2020-10-09T19:50:01.384Z: INFO	[jobs:job]	Replacing jobs api:clearAutoTasks ({"status":0,"name":"api:clearAutoTasks"})
2020-10-09T19:50:01.389Z: INFO	[jobs:job]	Replacing jobs api:task ({"status":0,"name":"api:task"})
2020-10-09T19:50:01.399Z: INFO	[jobs:job]	No job to replace, inserting {"name":"server-stats:stats","created":1602273001345,"status":0,"started":null,"finished":null,"duration":0,"data":{},"schedule":"every 1 day","next":1602273001345}
2020-10-09T19:50:01.426Z: INFO	[jobs:job]	Cancelled 1 previous jobs api:clear ({"status":0,"name":"api:clear"})
2020-10-09T19:50:01.427Z: INFO	[jobs:job]	Cancelled 1 previous jobs api:topEvents ({"status":0,"name":"api:topEvents"})
2020-10-09T19:50:01.445Z: INFO	[jobs:job]	Cancelled 1 previous jobs api:clearTokens ({"status":0,"name":"api:clearTokens"})
2020-10-09T19:50:01.447Z: INFO	[jobs:job]	Cancelled 1 previous jobs api:clearAutoTasks ({"status":0,"name":"api:clearAutoTasks"})
2020-10-09T19:50:01.453Z: INFO	[jobs:job]	Cancelled 1 previous jobs api:task ({"status":0,"name":"api:task"})
2020-10-09T19:50:01.469Z: INFO	[jobs:job]	No job to replace, inserting {"name":"api:ping","created":1602273001373,"status":0,"started":null,"finished":null,"duration":0,"data":{},"schedule":"every 1 day","next":1602273001374}
2020-10-09T19:50:01.488Z: INFO	[jobs:job]	No job to replace, inserting {"name":"api:clear","created":1602273001377,"status":0,"started":null,"finished":null,"duration":0,"data":{},"schedule":"every 1 day","next":1602273001377}
2020-10-09T19:50:01.496Z: INFO	[jobs:job]	No job to replace, inserting {"name":"api:topEvents","created":1602273001371,"status":0,"started":null,"finished":null,"duration":0,"data":{},"schedule":"every 1 day","next":1602273001371}
2020-10-09T19:50:01.504Z: INFO	[jobs:job]	No job to replace, inserting {"name":"api:clearTokens","created":1602273001379,"status":0,"started":null,"finished":null,"duration":0,"data":{},"schedule":"every 1 day","next":1602273001379}
2020-10-09T19:50:01.522Z: INFO	[jobs:job]	No job to replace, inserting {"name":"api:clearAutoTasks","created":1602273001384,"status":0,"started":null,"finished":null,"duration":0,"data":{},"schedule":"every 1 day","next":1602273001384}
2020-10-09T19:50:01.528Z: INFO	[jobs:job]	No job to replace, inserting {"name":"api:task","created":1602273001388,"status":0,"started":null,"finished":null,"duration":0,"data":{},"schedule":"every 5 minutes","next":1602273001388}
2020-10-09T19:50:02.255Z: INFO	[jobs:manager]	Trying to start job {"_id":"5f80bee9c1d63903f389cdeb","name":"reports:send","created":1602273001342,"status":0,"started":null,"finished":null,"duration":0,"data":{},"schedule":"every 1 hour starting on the 0 min","next":1602273001342}
2020-10-09T19:50:02.262Z: INFO	[jobs:manager]	Trying to start job {"_id":"5f80bee9c1d63903f389cdec","name":"server-stats:stats","created":1602273001345,"status":0,"started":null,"finished":null,"duration":0,"data":{},"schedule":"every 1 day","next":1602273001345}
2020-10-09T19:50:02.275Z: INFO	[jobs:manager]	Trying to start job {"_id":"5f80bee9c1d63903f389cdef","name":"api:topEvents","created":1602273001371,"status":0,"started":null,"finished":null,"duration":0,"data":{},"schedule":"every 1 day","next":1602273001371}
2020-10-09T19:50:02.301Z: INFO	[jobs:manager]	Trying to start job {"_id":"5f80bee9c1d63903f389cded","name":"api:ping","created":1602273001373,"status":0,"started":null,"finished":null,"duration":0,"data":{},"schedule":"every 1 day","next":1602273001374}
2020-10-09T19:50:02.387Z: INFO	[jobs:manager]	Trying to start job {"_id":"5f80bee9c1d63903f389cdee","name":"api:clear","created":1602273001377,"status":0,"started":null,"finished":null,"duration":0,"data":{},"schedule":"every 1 day","next":1602273001377}
2020-10-09T19:50:02.420Z: INFO	[jobs:manager]	Trying to start job {"_id":"5f80bee9c1d63903f389cdf0","name":"api:clearTokens","created":1602273001379,"status":0,"started":null,"finished":null,"duration":0,"data":{},"schedule":"every 1 day","next":1602273001379}
2020-10-09T19:50:02.442Z: INFO	[jobs:manager]	Trying to start job {"_id":"5f80bee9c1d63903f389cdf1","name":"api:clearAutoTasks","created":1602273001384,"status":0,"started":null,"finished":null,"duration":0,"data":{},"schedule":"every 1 day","next":1602273001384}
2020-10-09T19:50:02.474Z: INFO	[jobs:manager]	Trying to start job {"_id":"5f80bee9c1d63903f389cdf2","name":"api:task","created":1602273001388,"status":0,"started":null,"finished":null,"duration":0,"data":{},"schedule":"every 5 minutes","next":1602273001388}
Starting worker 2320 parent: 1011
Starting worker 2318 parent: 1011
2020-10-09T19:55:00.017Z: INFO	[jobs:manager]	Trying to start job {"_id":"5f80bee9c1d63903f389cdf2","name":"api:task","created":1602273001388,"status":0,"started":1602273002488,"finished":1602273002543,"duration":65,"data":{},"schedule":"every 5 minutes","next":1602273300000,"modified":1602273002553,"error":null}
2020-10-09T20:00:00.882Z: INFO	[jobs:manager]	Trying to start job {"_id":"5f80bee2c1d63903f389cdea","name":"assistant:generate","created":1602272994611,"status":0,"started":null,"finished":null,"duration":0,"data":{},"schedule":"every 30 minutes starting on the 0 min","next":1602273600000}
2020-10-09T20:00:00.884Z: INFO	[jobs:manager]	Trying to start job {"_id":"5f80bee9c1d63903f389cdeb","name":"reports:send","created":1602273001342,"status":0,"started":1602273002264,"finished":1602273002317,"duration":117,"data":{},"schedule":"every 1 hour starting on the 0 min","next":1602273600000,"modified":1602273002381,"error":null}
2020-10-09T20:00:00.886Z: INFO	[jobs:manager]	Trying to start job {"_id":"5f80bee9c1d63903f389cdf2","name":"api:task","created":1602273001388,"status":0,"started":1602273300019,"finished":1602273300025,"duration":8,"data":{},"schedule":"every 5 minutes","next":1602273600000,"modified":1602273300027,"error":null}
2020-10-09T20:05:00.695Z: INFO	[jobs:manager]	Trying to start job {"_id":"5f80bee9c1d63903f389cdf2","name":"api:task","created":1602273001388,"status":0,"started":1602273600895,"finished":1602273600962,"duration":246,"data":{},"schedule":"every 5 minutes","next":1602273900000,"modified":1602273601141,"error":null}
2020-10-09T20:10:00.490Z: INFO	[jobs:manager]	Trying to start job {"_id":"5f80bee9c1d63903f389cdf2","name":"api:task","created":1602273001388,"status":0,"started":1602273900698,"finished":1602273900702,"duration":5,"data":{},"schedule":"every 5 minutes","next":1602274200000,"modified":1602273900703,"error":null}
2020-10-09T20:15:00.221Z: INFO	[jobs:manager]	Trying to start job {"_id":"5f80bee9c1d63903f389cdf2","name":"api:task","created":1602273001388,"status":0,"started":1602274200495,"finished":1602274200499,"duration":6,"data":{},"schedule":"every 5 minutes","next":1602274500000,"modified":1602274200501,"error":null}
2020-10-09T20:20:00.996Z: INFO	[jobs:manager]	Trying to start job {"_id":"5f80bee9c1d63903f389cdf2","name":"api:task","created":1602273001388,"status":0,"started":1602274500224,"finished":1602274500228,"duration":5,"data":{},"schedule":"every 5 minutes","next":1602274800000,"modified":1602274500229,"error":null}
2020-10-09T20:25:00.730Z: INFO	[jobs:manager]	Trying to start job {"_id":"5f80bee9c1d63903f389cdf2","name":"api:task","created":1602273001388,"status":0,"started":1602274800998,"finished":1602274801003,"duration":7,"data":{},"schedule":"every 5 minutes","next":1602275100000,"modified":1602274801005,"error":null}
2020-10-09T20:30:00.526Z: INFO	[jobs:manager]	Trying to start job {"_id":"5f80bee2c1d63903f389cdea","name":"assistant:generate","created":1602272994611,"status":0,"started":1602273600884,"finished":1602273611448,"duration":10567,"data":{},"schedule":"every 30 minutes starting on the 0 min","next":1602275400000,"modified":1602273611451,"error":null}
2020-10-09T20:30:00.528Z: INFO	[jobs:manager]	Trying to start job {"_id":"5f80bee9c1d63903f389cdf2","name":"api:task","created":1602273001388,"status":0,"started":1602275100732,"finished":1602275100736,"duration":7,"data":{},"schedule":"every 5 minutes","next":1602275400000,"modified":1602275100739,"error":null}
2020-10-09T20:35:00.322Z: INFO	[jobs:manager]	Trying to start job {"_id":"5f80bee9c1d63903f389cdf2","name":"api:task","created":1602273001388,"status":0,"started":1602275400530,"finished":1602275400544,"duration":30,"data":{},"schedule":"every 5 minutes","next":1602275700000,"modified":1602275400560,"error":null}
2020-10-09T20:40:00.028Z: INFO	[jobs:manager]	Trying to start job {"_id":"5f80bee9c1d63903f389cdf2","name":"api:task","created":1602273001388,"status":0,"started":1602275700324,"finished":1602275700328,"duration":5,"data":{},"schedule":"every 5 minutes","next":1602276000000,"modified":1602275700329,"error":null}
2020-10-09T20:45:00.853Z: INFO	[jobs:manager]	Trying to start job {"_id":"5f80bee9c1d63903f389cdf2","name":"api:task","created":1602273001388,"status":0,"started":1602276000030,"finished":1602276000033,"duration":5,"data":{},"schedule":"every 5 minutes","next":1602276300000,"modified":1602276000035,"error":null}
2020-10-09T20:50:00.551Z: INFO	[jobs:manager]	Trying to start job {"_id":"5f80bee9c1d63903f389cdf2","name":"api:task","created":1602273001388,"status":0,"started":1602276300854,"finished":1602276300858,"duration":6,"data":{},"schedule":"every 5 minutes","next":1602276600000,"modified":1602276300860,"error":null}
2020-10-09T20:55:00.318Z: INFO	[jobs:manager]	Trying to start job {"_id":"5f80bee9c1d63903f389cdf2","name":"api:task","created":1602273001388,"status":0,"started":1602276600555,"finished":1602276600558,"duration":4,"data":{},"schedule":"every 5 minutes","next":1602276900000,"modified":1602276600559,"error":null}
2020-10-09T21:00:00.009Z: INFO	[jobs:manager]	Trying to start job {"_id":"5f80bee2c1d63903f389cdea","name":"assistant:generate","created":1602272994611,"status":0,"started":1602275400529,"finished":1602275407217,"duration":6692,"data":{},"schedule":"every 30 minutes starting on the 0 min","next":1602277200000,"modified":1602275407221,"error":null}
2020-10-09T21:00:00.012Z: INFO	[jobs:manager]	Trying to start job {"_id":"5f80bee9c1d63903f389cdeb","name":"reports:send","created":1602273001342,"status":0,"started":1602273600887,"finished":1602273600961,"duration":255,"data":{},"schedule":"every 1 hour starting on the 0 min","next":1602277200000,"modified":1602273601142,"error":null}
2020-10-09T21:00:00.015Z: INFO	[jobs:manager]	Trying to start job {"_id":"5f80bee9c1d63903f389cdf2","name":"api:task","created":1602273001388,"status":0,"started":1602276900321,"finished":1602276900325,"duration":6,"data":{},"schedule":"every 5 minutes","next":1602277200000,"modified":1602276900327,"error":null}
2020-10-09T21:05:00.792Z: INFO	[jobs:manager]	Trying to start job {"_id":"5f80bee9c1d63903f389cdf2","name":"api:task","created":1602273001388,"status":0,"started":1602277200021,"finished":1602277200058,"duration":79,"data":{},"schedule":"every 5 minutes","next":1602277500000,"modified":1602277200100,"error":null}
2020-10-09T21:10:00.456Z: INFO	[jobs:manager]	Trying to start job {"_id":"5f80bee9c1d63903f389cdf2","name":"api:task","created":1602273001388,"status":0,"started":1602277500794,"finished":1602277500798,"duration":6,"data":{},"schedule":"every 5 minutes","next":1602277800000,"modified":1602277500800,"error":null}
2020-10-09T21:15:00.229Z: INFO	[jobs:manager]	Trying to start job {"_id":"5f80bee9c1d63903f389cdf2","name":"api:task","created":1602273001388,"status":0,"started":1602277800458,"finished":1602277800461,"duration":5,"data":{},"schedule":"every 5 minutes","next":1602278100000,"modified":1602277800463,"error":null}
2020-10-09T21:20:00.976Z: INFO	[jobs:manager]	Trying to start job {"_id":"5f80bee9c1d63903f389cdf2","name":"api:task","created":1602273001388,"status":0,"started":1602278100231,"finished":1602278100234,"duration":5,"data":{},"schedule":"every 5 minutes","next":1602278400000,"modified":1602278100236,"error":null}
2020-10-09T21:25:00.722Z: INFO	[jobs:manager]	Trying to start job {"_id":"5f80bee9c1d63903f389cdf2","name":"api:task","created":1602273001388,"status":0,"started":1602278400978,"finished":1602278400982,"duration":5,"data":{},"schedule":"every 5 minutes","next":1602278700000,"modified":1602278400983,"error":null}
2020-10-09T21:30:00.490Z: INFO	[jobs:manager]	Trying to start job {"_id":"5f80bee2c1d63903f389cdea","name":"assistant:generate","created":1602272994611,"status":0,"started":1602277200013,"finished":1602277206397,"duration":6386,"data":{},"schedule":"every 30 minutes starting on the 0 min","next":1602279000000,"modified":1602277206399,"error":null}
2020-10-09T21:30:00.493Z: INFO	[jobs:manager]	Trying to start job {"_id":"5f80bee9c1d63903f389cdf2","name":"api:task","created":1602273001388,"status":0,"started":1602278700724,"finished":1602278700727,"duration":6,"data":{},"schedule":"every 5 minutes","next":1602279000000,"modified":1602278700730,"error":null}
2020-10-09T21:35:00.189Z: INFO	[jobs:manager]	Trying to start job {"_id":"5f80bee9c1d63903f389cdf2","name":"api:task","created":1602273001388,"status":0,"started":1602279000495,"finished":1602279000511,"duration":18,"data":{},"schedule":"every 5 minutes","next":1602279300000,"modified":1602279000513,"error":null}
2020-10-09T21:40:00.968Z: INFO	[jobs:manager]	Trying to start job {"_id":"5f80bee9c1d63903f389cdf2","name":"api:task","created":1602273001388,"status":0,"started":1602279300191,"finished":1602279300194,"duration":5,"data":{},"schedule":"every 5 minutes","next":1602279600000,"modified":1602279300196,"error":null}
2020-10-09T21:45:00.700Z: INFO	[jobs:manager]	Trying to start job {"_id":"5f80bee9c1d63903f389cdf2","name":"api:task","created":1602273001388,"status":0,"started":1602279600970,"finished":1602279600973,"duration":5,"data":{},"schedule":"every 5 minutes","next":1602279900000,"modified":1602279600975,"error":null}
2020-10-09T21:50:00.464Z: INFO	[jobs:manager]	Trying to start job {"_id":"5f80bee9c1d63903f389cdf2","name":"api:task","created":1602273001388,"status":0,"started":1602279900702,"finished":1602279900706,"duration":6,"data":{},"schedule":"every 5 minutes","next":1602280200000,"modified":1602279900708,"error":null}
2020-10-09T21:55:00.139Z: INFO	[jobs:manager]	Trying to start job {"_id":"5f80bee9c1d63903f389cdf2","name":"api:task","created":1602273001388,"status":0,"started":1602280200466,"finished":1602280200469,"duration":5,"data":{},"schedule":"every 5 minutes","next":1602280500000,"modified":1602280200471,"error":null}
2020-10-09T22:00:00.891Z: INFO	[jobs:manager]	Trying to start job {"_id":"5f80bee2c1d63903f389cdea","name":"assistant:generate","created":1602272994611,"status":0,"started":1602279000494,"finished":1602279001082,"duration":595,"data":{},"schedule":"every 30 minutes starting on the 0 min","next":1602280800000,"modified":1602279001089,"error":null}
2020-10-09T22:00:00.893Z: INFO	[jobs:manager]	Trying to start job {"_id":"5f80bee9c1d63903f389cdeb","name":"reports:send","created":1602273001342,"status":0,"started":1602277200017,"finished":1602277200030,"duration":41,"data":{},"schedule":"every 1 hour starting on the 0 min","next":1602280800000,"modified":1602277200058,"error":null}
2020-10-09T22:00:00.895Z: INFO	[jobs:manager]	Trying to start job {"_id":"5f80bee9c1d63903f389cdf2","name":"api:task","created":1602273001388,"status":0,"started":1602280500141,"finished":1602280500146,"duration":7,"data":{},"schedule":"every 5 minutes","next":1602280800000,"modified":1602280500148,"error":null}
2020-10-09T22:05:00.553Z: INFO	[jobs:manager]	Trying to start job {"_id":"5f80bee9c1d63903f389cdf2","name":"api:task","created":1602273001388,"status":0,"started":1602280800899,"finished":1602280800944,"duration":47,"data":{},"schedule":"every 5 minutes","next":1602281100000,"modified":1602280800946,"error":null}
2020-10-09T22:10:00.315Z: INFO	[jobs:manager]	Trying to start job {"_id":"5f80bee9c1d63903f389cdf2","name":"api:task","created":1602273001388,"status":0,"started":1602281100555,"finished":1602281100559,"duration":6,"data":{},"schedule":"every 5 minutes","next":1602281400000,"modified":1602281100561,"error":null}
Got signal: SIGTERM
Successfully stored batch state
Got signal: SIGTERM
Successfully stored batch state
Exiting due to master exited
Got signal: SIGTERM
Successfully stored batch state
Exiting due to master exited
2020-10-09T22:14:11.024Z: INFO	[jobs:manager]	Starting job manager in 10484
2020-10-09T22:14:11.069Z: INFO	[jobs:scanner]	Checking plugins ["mobile","web","desktop","plugins","density","locale","browser","sources","views","enterpriseinfo","logger","systemlogs","errorlogs","populator","reports","crashes","push","star-rating","slipping-away-users","compare","server-stats","dbviewer","assistant","plugin-upload","times-of-day","compliance-hub","video-intelligence-monetization","alerts","onboarding","EChartMap"]
Starting master
2020-10-09T22:14:13.518Z: INFO	[jobs:ipc:10484]	Attached to cluster in Central 10484
2020-10-09T22:14:13.893Z: INFO	[jobs:manager]	Found 17 job types, starting monitoring: ["api:clear","api:clearAutoTasks","api:clearTokens","api:ipcTest","api:ping","api:task","api:test","api:topEvents","api:userMerge","reports:send","push:clear","push:process","push:schedule","push:validate","server-stats:stats","assistant:generate","alerts:monitor"]
2020-10-09T22:14:14.197Z: INFO	[jobs:ipc:10484]	Worker started: 10509
2020-10-09T22:14:14.200Z: INFO	[jobs:ipc:10484]	Worker started: 10507
2020-10-09T22:14:14.277Z: INFO	[jobs:manager]	Cancelling 0 jobs
2020-10-09T22:14:14.972Z: INFO	[jobs:handle]	Starting job handle in 10509
2020-10-09T22:14:15.006Z: INFO	[jobs:handle]	Starting job handle in 10507
2020-10-09T22:14:15.031Z: INFO	[jobs:scanner]	Checking plugins ["mobile","web","desktop","plugins","density","locale","browser","sources","views","enterpriseinfo","logger","systemlogs","errorlogs","populator","reports","crashes","push","star-rating","slipping-away-users","compare","server-stats","dbviewer","assistant","plugin-upload","times-of-day","compliance-hub","video-intelligence-monetization","alerts","onboarding","EChartMap"]
2020-10-09T22:14:15.046Z: INFO	[jobs:scanner]	Checking plugins ["mobile","web","desktop","plugins","density","locale","browser","sources","views","enterpriseinfo","logger","systemlogs","errorlogs","populator","reports","crashes","push","star-rating","slipping-away-users","compare","server-stats","dbviewer","assistant","plugin-upload","times-of-day","compliance-hub","video-intelligence-monetization","alerts","onboarding","EChartMap"]
2020-10-09T22:14:16.600Z: INFO	[jobs:job]	Replacing jobs assistant:generate ({"status":0,"name":"assistant:generate"})
2020-10-09T22:14:16.616Z: INFO	[jobs:job]	Cancelled 1 previous jobs assistant:generate ({"status":0,"name":"assistant:generate"})
2020-10-09T22:14:16.625Z: INFO	[jobs:job]	No job to replace, inserting {"name":"assistant:generate","created":1602281656586,"status":0,"started":null,"finished":null,"duration":0,"data":{},"schedule":"every 30 minutes starting on the 0 min","next":1602282600000}
Starting worker 10509 parent: 10484
Starting worker 10507 parent: 10484
2020-10-09T22:14:23.584Z: INFO	[jobs:job]	Replacing jobs reports:send ({"status":0,"name":"reports:send"})
2020-10-09T22:14:23.588Z: INFO	[jobs:job]	Replacing jobs server-stats:stats ({"status":0,"name":"server-stats:stats"})
2020-10-09T22:14:23.590Z: INFO	[jobs:job]	Replacing jobs api:topEvents ({"status":0,"name":"api:topEvents"})
2020-10-09T22:14:23.591Z: INFO	[jobs:job]	Replacing jobs api:ping ({"status":0,"name":"api:ping"})
2020-10-09T22:14:23.592Z: INFO	[jobs:job]	Replacing jobs api:clear ({"status":0,"name":"api:clear"})
2020-10-09T22:14:23.593Z: INFO	[jobs:job]	Replacing jobs api:clearTokens ({"status":0,"name":"api:clearTokens"})
2020-10-09T22:14:23.594Z: INFO	[jobs:job]	Replacing jobs api:clearAutoTasks ({"status":0,"name":"api:clearAutoTasks"})
2020-10-09T22:14:23.595Z: INFO	[jobs:job]	Replacing jobs api:task ({"status":0,"name":"api:task"})
2020-10-09T22:14:23.597Z: INFO	[jobs:job]	Cancelled 1 previous jobs reports:send ({"status":0,"name":"reports:send"})
2020-10-09T22:14:23.600Z: INFO	[jobs:job]	Cancelled 1 previous jobs server-stats:stats ({"status":0,"name":"server-stats:stats"})
2020-10-09T22:14:23.601Z: INFO	[jobs:job]	Cancelled 1 previous jobs api:topEvents ({"status":0,"name":"api:topEvents"})
2020-10-09T22:14:23.603Z: INFO	[jobs:job]	Cancelled 1 previous jobs api:clear ({"status":0,"name":"api:clear"})
2020-10-09T22:14:23.604Z: INFO	[jobs:job]	Cancelled 1 previous jobs api:clearTokens ({"status":0,"name":"api:clearTokens"})
2020-10-09T22:14:23.605Z: INFO	[jobs:job]	Cancelled 2 previous jobs api:ping ({"status":0,"name":"api:ping"})
2020-10-09T22:14:23.608Z: INFO	[jobs:job]	Cancelled 1 previous jobs api:clearAutoTasks ({"status":0,"name":"api:clearAutoTasks"})
2020-10-09T22:14:23.609Z: INFO	[jobs:job]	Cancelled 1 previous jobs api:task ({"status":0,"name":"api:task"})
2020-10-09T22:14:23.611Z: INFO	[jobs:job]	No job to replace, inserting {"name":"server-stats:stats","created":1602281663587,"status":0,"started":null,"finished":null,"duration":0,"data":{},"schedule":"every 1 day","next":1602281663587}
2020-10-09T22:14:23.612Z: INFO	[jobs:job]	No job to replace, inserting {"name":"api:topEvents","created":1602281663589,"status":0,"started":null,"finished":null,"duration":0,"data":{},"schedule":"every 1 day","next":1602281663590}
2020-10-09T22:14:23.613Z: INFO	[jobs:job]	No job to replace, inserting {"name":"reports:send","created":1602281663582,"status":0,"started":null,"finished":null,"duration":0,"data":{},"schedule":"every 1 hour starting on the 0 min","next":1602281663583}
2020-10-09T22:14:23.616Z: INFO	[jobs:job]	No job to replace, inserting {"name":"api:clear","created":1602281663592,"status":0,"started":null,"finished":null,"duration":0,"data":{},"schedule":"every 1 day","next":1602281663592}
2020-10-09T22:14:23.617Z: INFO	[jobs:job]	No job to replace, inserting {"name":"api:clearTokens","created":1602281663593,"status":0,"started":null,"finished":null,"duration":0,"data":{},"schedule":"every 1 day","next":1602281663593}
2020-10-09T22:14:23.619Z: INFO	[jobs:job]	No job to replace, inserting {"name":"api:clearAutoTasks","created":1602281663594,"status":0,"started":null,"finished":null,"duration":0,"data":{},"schedule":"every 1 day","next":1602281663594}
2020-10-09T22:14:23.620Z: INFO	[jobs:job]	No job to replace, inserting {"name":"api:task","created":1602281663594,"status":0,"started":null,"finished":null,"duration":0,"data":{},"schedule":"every 5 minutes","next":1602281700000}
2020-10-09T22:14:23.621Z: INFO	[jobs:job]	No job to replace, inserting {"name":"api:ping","created":1602281663591,"status":0,"started":null,"finished":null,"duration":0,"data":{},"schedule":"every 1 day","next":1602281663591}
2020-10-09T22:14:24.335Z: INFO	[jobs:manager]	Trying to start job {"_id":"5f80e0bfa6720828f4728318","name":"reports:send","created":1602281663582,"status":0,"started":null,"finished":null,"duration":0,"data":{},"schedule":"every 1 hour starting on the 0 min","next":1602281663583}
2020-10-09T22:14:24.342Z: INFO	[jobs:manager]	Trying to start job {"_id":"5f80e0bfa6720828f4728316","name":"server-stats:stats","created":1602281663587,"status":0,"started":null,"finished":null,"duration":0,"data":{},"schedule":"every 1 day","next":1602281663587}
2020-10-09T22:14:24.348Z: INFO	[jobs:manager]	Trying to start job {"_id":"5f80e0bfa6720828f4728317","name":"api:topEvents","created":1602281663589,"status":0,"started":null,"finished":null,"duration":0,"data":{},"schedule":"every 1 day","next":1602281663590}
2020-10-09T22:14:24.353Z: INFO	[jobs:manager]	Trying to start job {"_id":"5f80e0bfa6720828f472831d","name":"api:ping","created":1602281663591,"status":0,"started":null,"finished":null,"duration":0,"data":{},"schedule":"every 1 day","next":1602281663591}
2020-10-09T22:14:24.369Z: INFO	[jobs:manager]	Trying to start job {"_id":"5f80e0bfa6720828f4728319","name":"api:clear","created":1602281663592,"status":0,"started":null,"finished":null,"duration":0,"data":{},"schedule":"every 1 day","next":1602281663592}
2020-10-09T22:14:24.381Z: INFO	[jobs:manager]	Trying to start job {"_id":"5f80e0bfa6720828f472831a","name":"api:clearTokens","created":1602281663593,"status":0,"started":null,"finished":null,"duration":0,"data":{},"schedule":"every 1 day","next":1602281663593}
2020-10-09T22:14:24.393Z: INFO	[jobs:manager]	Trying to start job {"_id":"5f80e0bfa6720828f472831b","name":"api:clearAutoTasks","created":1602281663594,"status":0,"started":null,"finished":null,"duration":0,"data":{},"schedule":"every 1 day","next":1602281663594}
2020-10-09T22:15:00.523Z: INFO	[jobs:manager]	Trying to start job {"_id":"5f80e0bfa6720828f472831c","name":"api:task","created":1602281663594,"status":0,"started":null,"finished":null,"duration":0,"data":{},"schedule":"every 5 minutes","next":1602281700000}
2020-10-09T22:20:00.417Z: INFO	[jobs:manager]	Trying to start job {"_id":"5f80e0bfa6720828f472831c","name":"api:task","created":1602281663594,"status":0,"started":1602281700526,"finished":1602281700533,"duration":9,"data":{},"schedule":"every 5 minutes","next":1602282000000,"modified":1602281700535,"error":null}
2020-10-09T22:25:00.252Z: INFO	[jobs:manager]	Trying to start job {"_id":"5f80e0bfa6720828f472831c","name":"api:task","created":1602281663594,"status":0,"started":1602282000420,"finished":1602282000430,"duration":12,"data":{},"schedule":"every 5 minutes","next":1602282300000,"modified":1602282000432,"error":null}
